<?xml version="1.0" encoding="UTF-8"?>
<!-- Generated by org.testng.reporters.JUnitReportReporter -->
<testsuite hostname="DESKTOP-GUHFHNS" failures="0" tests="1" name="com.dsalgo.testcases.Getstartedtest" time="1.924" errors="0" timestamp="2022-07-11T16:36:44 EDT" skipped="0">
  <testcase classname="com.dsalgo.testcases.Getstartedtest" name="Getstarted" time="1.924"/>
  <system-out/>
</testsuite> <!-- com.dsalgo.testcases.Getstartedtest -->
