<?xml version="1.0" encoding="UTF-8"?>
<!-- Generated by org.testng.reporters.JUnitReportReporter -->
<testsuite hostname="DESKTOP-GUHFHNS" failures="0" tests="3" name="com.dsalgo.testcases.Login_alert_validation" time="11.094" errors="0" timestamp="2022-07-11T16:36:44 EDT" skipped="0">
  <testcase classname="com.dsalgo.testcases.Login_alert_validation" name="logintest_invalidcredential" time="5.539"/>
  <system-out/>
  <testcase classname="com.dsalgo.testcases.Login_alert_validation" name="logintest_pwdempty" time="2.939"/>
  <system-out/>
  <testcase classname="com.dsalgo.testcases.Login_alert_validation" name="logintest_userempty" time="2.616"/>
  <system-out/>
</testsuite> <!-- com.dsalgo.testcases.Login_alert_validation -->
