<?xml version="1.0" encoding="UTF-8"?>
<!-- Generated by org.testng.reporters.JUnitReportReporter -->
<testsuite hostname="DESKTOP-GUHFHNS" failures="0" tests="13" name="com.dsalgo.testcases.Treepagetest" time="23.784" errors="0" timestamp="2022-07-11T16:36:44 EDT" skipped="0">
  <testcase classname="com.dsalgo.testcases.Treepagetest" name="treetest" time="6.855"/>
  <system-out/>
  <testcase classname="com.dsalgo.testcases.Treepagetest" name="validate_treelink2" time="1.293"/>
  <system-out/>
  <testcase classname="com.dsalgo.testcases.Treepagetest" name="validate_treelink3" time="1.464"/>
  <system-out/>
  <testcase classname="com.dsalgo.testcases.Treepagetest" name="validate_treelink4" time="2.007"/>
  <system-out/>
  <testcase classname="com.dsalgo.testcases.Treepagetest" name="validate_treelink5" time="1.948"/>
  <system-out/>
  <testcase classname="com.dsalgo.testcases.Treepagetest" name="validate_treelink6" time="1.235"/>
  <system-out/>
  <testcase classname="com.dsalgo.testcases.Treepagetest" name="validate_treelink7" time="1.138"/>
  <system-out/>
  <testcase classname="com.dsalgo.testcases.Treepagetest" name="validate_treelink8" time="1.125"/>
  <system-out/>
  <testcase classname="com.dsalgo.testcases.Treepagetest" name="validate_treelink9" time="1.276"/>
  <system-out/>
  <testcase classname="com.dsalgo.testcases.Treepagetest" name="validate_treelink10" time="1.158"/>
  <system-out/>
  <testcase classname="com.dsalgo.testcases.Treepagetest" name="validate_treelink11" time="1.172"/>
  <system-out/>
  <testcase classname="com.dsalgo.testcases.Treepagetest" name="validate_treelink12" time="2.009"/>
  <system-out/>
  <testcase classname="com.dsalgo.testcases.Treepagetest" name="validate_treelink13" time="1.104"/>
  <system-out/>
</testsuite> <!-- com.dsalgo.testcases.Treepagetest -->
