<?xml version="1.0" encoding="UTF-8"?>
<!-- Generated by org.testng.reporters.JUnitReportReporter -->
<testsuite hostname="DESKTOP-GUHFHNS" failures="0" tests="8" name="com.dsalgo.testcases.Arraypagetest" time="17.572" errors="0" timestamp="2022-07-11T16:36:44 EDT" skipped="0">
  <testcase classname="com.dsalgo.testcases.Arraypagetest" name="Arraypagetest1" time="7.256"/>
  <system-out/>
  <testcase classname="com.dsalgo.testcases.Arraypagetest" name="Arraypagetest2" time="1.811"/>
  <system-out/>
  <testcase classname="com.dsalgo.testcases.Arraypagetest" name="Arraypagetest3" time="1.437"/>
  <system-out/>
  <testcase classname="com.dsalgo.testcases.Arraypagetest" name="Arraypagetest4" time="2.342"/>
  <system-out/>
  <testcase classname="com.dsalgo.testcases.Arraypagetest" name="validate_Praticelink1" time="1.996"/>
  <system-out/>
  <testcase classname="com.dsalgo.testcases.Arraypagetest" name="validate_Praticelink2" time="0.914"/>
  <system-out/>
  <testcase classname="com.dsalgo.testcases.Arraypagetest" name="validate_Praticelink3" time="0.880"/>
  <system-out/>
  <testcase classname="com.dsalgo.testcases.Arraypagetest" name="validate_Praticelink4" time="0.936"/>
  <system-out/>
</testsuite> <!-- com.dsalgo.testcases.Arraypagetest -->
