<?xml version="1.0" encoding="UTF-8"?>
<!-- Generated by org.testng.reporters.JUnitReportReporter -->
<testsuite hostname="DESKTOP-GUHFHNS" failures="0" tests="4" name="com.dsalgo.testcases.TC_Logintest_datadriven" time="14.452" errors="0" timestamp="2022-07-11T16:36:44 EDT" skipped="0">
  <testcase classname="com.dsalgo.testcases.TC_Logintest_datadriven" name="logintest" time="2.842"/>
  <system-out/>
  <testcase classname="com.dsalgo.testcases.TC_Logintest_datadriven" name="logintest" time="3.403"/>
  <system-out/>
  <testcase classname="com.dsalgo.testcases.TC_Logintest_datadriven" name="logintest" time="3.448"/>
  <system-out/>
  <testcase classname="com.dsalgo.testcases.TC_Logintest_datadriven" name="logintest" time="4.759"/>
  <system-out/>
</testsuite> <!-- com.dsalgo.testcases.TC_Logintest_datadriven -->
