<?xml version="1.0" encoding="UTF-8"?>
<!-- Generated by org.testng.reporters.JUnitReportReporter -->
<testsuite hostname="DESKTOP-GUHFHNS" failures="0" tests="4" name="com.dsalgo.testcases.Registrationtest_new" time="4.770" errors="0" timestamp="2022-07-11T16:36:44 EDT" skipped="0">
  <testcase classname="com.dsalgo.testcases.Registrationtest_new" name="invalid_data" time="3.362"/>
  <system-out/>
  <testcase classname="com.dsalgo.testcases.Registrationtest_new" name="Validate_withallempty" time="0.274"/>
  <system-out/>
  <testcase classname="com.dsalgo.testcases.Registrationtest_new" name="Validate_withpwdempty" time="0.317"/>
  <system-out/>
  <testcase classname="com.dsalgo.testcases.Registrationtest_new" name="Validate_with_cfmpwd_empty" time="0.817"/>
  <system-out/>
</testsuite> <!-- com.dsalgo.testcases.Registrationtest_new -->
