<?xml version="1.0" encoding="UTF-8"?>
<!-- Generated by org.testng.reporters.JUnitReportReporter -->
<testsuite hostname="DESKTOP-GUHFHNS" failures="0" tests="4" name="com.dsalgo.testcases.TC_Logintest_datadriven" time="14.936" errors="0" timestamp="2022-07-06T12:04:19 EDT" skipped="0">
  <testcase classname="com.dsalgo.testcases.TC_Logintest_datadriven" name="logintest" time="3.178"/>
  <system-out/>
  <testcase classname="com.dsalgo.testcases.TC_Logintest_datadriven" name="logintest" time="5.142"/>
  <system-out/>
  <testcase classname="com.dsalgo.testcases.TC_Logintest_datadriven" name="logintest" time="3.419"/>
  <system-out/>
  <testcase classname="com.dsalgo.testcases.TC_Logintest_datadriven" name="logintest" time="3.197"/>
  <system-out/>
</testsuite> <!-- com.dsalgo.testcases.TC_Logintest_datadriven -->
